2025-06-16 17:24:03,920 [INFO] A4Runner start
2025-06-17 15:07:33,241 [INFO] A4Runner start
2025-06-17 15:07:33,421 [INFO] len(prod): 145
2025-06-17 15:07:33,444 [INFO] len(cons): 145
2025-06-17 15:07:33,471 [INFO] len(cons_extracted): 144
2025-06-17 15:07:33,485 [INFO] len(prod_extracted): 144
2025-06-17 15:07:33,899 [ERROR] Solver failed - empty result
2025-06-17 15:07:33,922 [INFO] A4Runner finished
2025-06-17 15:12:46,947 [INFO] A4Runner start
2025-06-17 15:12:47,140 [INFO] len(prod): 145
2025-06-17 15:12:47,160 [INFO] len(cons): 145
2025-06-17 15:12:47,197 [INFO] len(cons_extracted): 144
2025-06-17 15:12:47,209 [INFO] len(prod_extracted): 144
2025-06-17 15:12:47,539 [ERROR] Solver failed - empty result
2025-06-17 15:12:47,566 [INFO] A4Runner finished
2025-06-17 15:13:36,957 [INFO] A4Runner start
2025-06-17 15:13:37,200 [INFO] len(prod): 145
2025-06-17 15:13:37,211 [INFO] len(cons): 145
2025-06-17 15:13:37,236 [INFO] len(cons_extracted): 144
2025-06-17 15:13:37,248 [INFO] len(prod_extracted): 144
2025-06-17 15:13:37,652 [ERROR] Solver failed - empty result
2025-06-17 15:13:37,670 [INFO] A4Runner finished
2025-06-17 15:15:33,044 [INFO] A4Runner start
2025-06-17 15:15:33,495 [INFO] len(prod): 145
2025-06-17 15:15:33,519 [INFO] len(cons): 145
2025-06-17 15:15:33,595 [INFO] len(cons_extracted): 144
2025-06-17 15:15:33,615 [INFO] len(prod_extracted): 144
2025-06-17 15:15:34,427 [ERROR] Solver failed - empty result
2025-06-17 15:15:34,454 [INFO] A4Runner finished
2025-06-17 15:18:10,412 [INFO] A4Runner start
2025-06-17 15:18:10,587 [INFO] len(prod): 145
2025-06-17 15:18:10,599 [INFO] len(cons): 145
2025-06-17 15:18:10,620 [INFO] len(cons_extracted): 144
2025-06-17 15:18:10,633 [INFO] len(prod_extracted): 144
2025-06-17 15:18:11,024 [ERROR] Solver failed - empty result
2025-06-17 15:18:11,062 [INFO] A4Runner finished
2025-06-17 15:57:23,883 [INFO] A4Runner start
2025-06-17 15:57:24,112 [INFO] len(prod): 145
2025-06-17 15:57:24,131 [INFO] len(cons): 145
2025-06-17 15:57:24,164 [INFO] len(cons_extracted): 144
2025-06-17 15:57:24,179 [INFO] len(prod_extracted): 144
2025-06-17 15:57:24,525 [ERROR] Solver failed - empty result
2025-06-17 15:57:24,537 [INFO] A4Runner finished
2025-06-17 16:33:18,264 [INFO] A4Runner start
2025-06-17 16:33:18,461 [INFO] len(prod): 145
2025-06-17 16:33:18,475 [INFO] len(cons): 145
2025-06-17 16:33:18,498 [INFO] len(cons_extracted): 144
2025-06-17 16:33:18,534 [INFO] len(prod_extracted): 144
2025-06-17 16:33:19,025 [ERROR] Solver failed - empty result
2025-06-17 16:33:19,039 [INFO] A4Runner finished
2025-06-18 10:51:39,376 [INFO] A4Runner start
2025-06-18 10:51:40,196 [INFO] len(prod): 145
2025-06-18 10:51:40,227 [INFO] len(cons): 145
2025-06-18 10:51:40,255 [INFO] len(cons_extracted): 72
2025-06-18 10:51:40,291 [INFO] len(prod_extracted): 72
2025-06-18 10:51:41,201 [ERROR] Solver failed - empty result
2025-06-18 10:51:41,222 [INFO] A4Runner finished
2025-06-18 12:04:46,543 [INFO] A4Runner start
2025-06-18 12:04:46,892 [INFO] len(prod): 145
2025-06-18 12:04:46,911 [INFO] len(cons): 145
2025-06-18 12:04:47,003 [INFO] len(cons_extracted): 144
2025-06-18 12:04:47,041 [INFO] len(prod_extracted): 144
2025-06-18 12:04:47,939 [ERROR] Solver failed - empty result
2025-06-18 12:04:47,967 [INFO] A4Runner finished
2025-06-18 12:46:43,563 [INFO] A4Runner start
2025-06-18 12:46:43,776 [INFO] len(prod): 145
2025-06-18 12:46:43,788 [INFO] len(cons): 145
2025-06-18 12:46:43,812 [INFO] len(cons_extracted): 143
2025-06-18 12:46:43,840 [INFO] len(prod_extracted): 143
2025-06-18 12:46:44,144 [ERROR] Solver failed - empty result
2025-06-18 12:46:44,157 [INFO] A4Runner finished
2025-06-18 12:48:12,661 [INFO] A4Runner start
2025-06-18 12:48:12,912 [INFO] len(prod): 145
2025-06-18 12:48:12,940 [INFO] len(cons): 145
2025-06-18 12:48:12,976 [INFO] len(cons_extracted): 143
2025-06-18 12:48:13,005 [INFO] len(prod_extracted): 143
2025-06-18 12:48:21,280 [ERROR] Solver failed - empty result
2025-06-18 12:48:21,296 [INFO] A4Runner finished
2025-06-18 12:52:36,895 [INFO] A4Runner start
2025-06-18 12:52:37,114 [INFO] len(prod): 145
2025-06-18 12:52:37,147 [INFO] len(cons): 145
2025-06-18 12:52:37,187 [INFO] len(cons_extracted): 143
2025-06-18 12:52:37,204 [INFO] len(prod_extracted): 143
2025-06-18 12:52:45,389 [ERROR] Solver failed - empty result
2025-06-18 12:52:45,423 [INFO] A4Runner finished
2025-06-18 12:56:33,091 [INFO] A4Runner start
2025-06-18 12:56:33,274 [INFO] len(prod): 145
2025-06-18 12:56:33,286 [INFO] len(cons): 145
2025-06-18 12:56:33,306 [INFO] len(cons_extracted): 143
2025-06-18 12:56:33,315 [INFO] len(prod_extracted): 143
2025-06-18 12:56:40,213 [ERROR] Solver failed - empty result
2025-06-18 12:56:40,241 [INFO] A4Runner finished
2025-06-18 13:00:17,336 [INFO] A4Runner start
2025-06-18 13:00:17,590 [INFO] len(prod): 145
2025-06-18 13:00:17,608 [INFO] len(cons): 0
2025-06-18 13:02:07,100 [INFO] A4Runner start
2025-06-18 13:02:07,325 [INFO] len(prod): 145
2025-06-18 13:02:07,343 [INFO] len(cons): 145
2025-06-18 13:02:07,380 [INFO] len(cons_extracted): 144
2025-06-18 13:02:07,405 [INFO] len(prod_extracted): 144
2025-06-18 13:02:14,450 [ERROR] Solver failed - empty result
2025-06-18 13:02:14,476 [INFO] A4Runner finished
2025-06-18 13:02:27,116 [INFO] A4Runner start
2025-06-18 13:02:27,316 [INFO] len(prod): 145
2025-06-18 13:02:27,343 [INFO] len(cons): 145
2025-06-18 13:02:27,359 [INFO] len(cons_extracted): 144
2025-06-18 13:02:27,388 [INFO] len(prod_extracted): 144
2025-06-18 13:02:33,309 [ERROR] Solver failed - empty result
2025-06-18 13:02:33,324 [INFO] A4Runner finished
2025-06-18 13:09:14,849 [INFO] A4Runner start
2025-06-18 13:09:15,058 [INFO] len(prod): 145
2025-06-18 13:09:15,087 [INFO] len(cons): 145
2025-06-18 13:09:15,106 [INFO] len(cons_extracted): 144
2025-06-18 13:09:15,124 [INFO] len(prod_extracted): 144
2025-06-18 13:09:22,516 [ERROR] Solver failed - empty result
2025-06-18 13:09:22,548 [INFO] A4Runner finished
2025-06-18 13:12:54,356 [INFO] A4Runner start
2025-06-18 13:12:54,560 [INFO] len(prod): 145
2025-06-18 13:12:54,591 [INFO] len(cons): 145
2025-06-18 13:12:54,626 [INFO] len(cons_extracted): 144
2025-06-18 13:12:54,635 [INFO] len(prod_extracted): 144
2025-06-18 13:13:03,504 [ERROR] Solver failed - empty result
2025-06-18 13:13:03,521 [INFO] A4Runner finished
2025-06-18 13:19:34,441 [INFO] A4Runner start
2025-06-18 13:19:34,645 [INFO] len(prod): 145
2025-06-18 13:19:34,655 [INFO] len(cons): 145
2025-06-18 13:19:34,675 [INFO] len(cons_extracted): 144
2025-06-18 13:19:34,689 [INFO] len(prod_extracted): 144
2025-06-18 13:19:42,960 [ERROR] Solver failed - empty result
2025-06-18 13:19:42,983 [INFO] A4Runner finished
2025-06-18 13:22:52,019 [INFO] A4Runner start
2025-06-18 13:22:52,244 [INFO] len(prod): 145
2025-06-18 13:22:52,274 [INFO] len(cons): 145
2025-06-18 13:22:52,291 [INFO] len(cons_extracted): 144
2025-06-18 13:22:52,320 [INFO] len(prod_extracted): 144
2025-06-18 13:23:04,011 [ERROR] Solver failed - empty result
2025-06-18 13:23:04,042 [INFO] A4Runner finished
2025-06-18 13:42:37,297 [INFO] A4Runner start
2025-06-18 13:42:37,468 [INFO] len(prod): 145
2025-06-18 13:42:37,478 [INFO] len(cons): 145
2025-06-18 13:42:37,498 [INFO] len(cons_extracted): 144
2025-06-18 13:42:37,531 [INFO] len(prod_extracted): 144
2025-06-18 13:42:41,279 [INFO] datapoint prognosis was posted: {'id': 14571, 'time': '2025-06-18T10:42:37.320076Z', 'datapointId': 63}
2025-06-18 13:42:41,293 [INFO] A4Runner finished
2025-06-18 13:45:17,441 [INFO] A4Runner start
2025-06-18 13:45:17,777 [INFO] len(prod): 145
2025-06-18 13:45:17,804 [INFO] len(cons): 0
2025-06-18 13:45:54,209 [INFO] A4Runner start
2025-06-18 13:45:54,427 [INFO] len(prod): 145
2025-06-18 13:45:54,439 [INFO] len(cons): 145
2025-06-18 13:45:54,460 [INFO] len(cons_extracted): 144
2025-06-18 13:45:54,473 [INFO] len(prod_extracted): 144
2025-06-18 13:45:58,811 [INFO] datapoint prognosis was posted: {'id': 14594, 'time': '2025-06-18T10:45:54.249007Z', 'datapointId': 63}
2025-06-18 13:45:58,836 [INFO] A4Runner finished
2025-06-18 13:47:14,860 [INFO] A4Runner start
2025-06-18 13:47:15,058 [INFO] len(prod): 145
2025-06-18 13:47:15,073 [INFO] len(cons): 145
2025-06-18 13:47:15,104 [INFO] len(cons_extracted): 144
2025-06-18 13:47:15,126 [INFO] len(prod_extracted): 144
2025-06-18 13:47:19,052 [INFO] datapoint prognosis was posted: {'id': 14595, 'time': '2025-06-18T10:47:14.885246Z', 'datapointId': 63}
2025-06-18 13:47:19,066 [INFO] A4Runner finished
2025-06-18 13:47:39,762 [INFO] A4Runner start
2025-06-18 13:47:40,047 [INFO] len(prod): 145
2025-06-18 13:47:40,078 [INFO] len(cons): 145
2025-06-18 13:47:40,203 [INFO] len(cons_extracted): 144
2025-06-18 13:47:40,244 [INFO] len(prod_extracted): 144
2025-06-18 13:47:55,948 [ERROR] Solver failed - empty result
2025-06-18 13:47:55,966 [INFO] A4Runner finished
2025-06-18 13:48:27,895 [INFO] A4Runner start
2025-06-18 13:48:28,122 [INFO] len(prod): 145
2025-06-18 13:48:28,150 [INFO] len(cons): 145
2025-06-18 13:48:28,179 [INFO] len(cons_extracted): 144
2025-06-18 13:48:28,194 [INFO] len(prod_extracted): 144
2025-06-18 13:48:33,121 [INFO] datapoint prognosis was posted: {'id': 14596, 'time': '2025-06-18T10:48:27.939342Z', 'datapointId': 63}
2025-06-18 13:48:33,134 [INFO] A4Runner finished
2025-06-18 13:49:13,232 [INFO] A4Runner start
2025-06-18 13:49:13,428 [INFO] len(prod): 145
2025-06-18 13:49:13,460 [INFO] len(cons): 145
2025-06-18 13:49:13,484 [INFO] len(cons_extracted): 144
2025-06-18 13:49:13,497 [INFO] len(prod_extracted): 144
2025-06-18 13:49:17,633 [INFO] datapoint prognosis was posted: {'id': 14597, 'time': '2025-06-18T10:49:13.262283Z', 'datapointId': 63}
2025-06-18 13:49:17,645 [INFO] A4Runner finished
2025-06-18 13:51:03,818 [INFO] A4Runner start
2025-06-18 13:51:04,006 [INFO] len(prod): 145
2025-06-18 13:51:04,019 [INFO] len(cons): 145
2025-06-18 13:51:04,054 [INFO] len(cons_extracted): 144
2025-06-18 13:51:04,069 [INFO] len(prod_extracted): 144
2025-06-18 13:51:08,153 [INFO] datapoint prognosis was posted: {'id': 14598, 'time': '2025-06-18T10:51:03.844554Z', 'datapointId': 63}
2025-06-18 13:51:08,180 [INFO] A4Runner finished
2025-06-18 13:51:42,375 [INFO] A4Runner start
2025-06-18 13:51:42,624 [INFO] len(prod): 145
2025-06-18 13:51:42,636 [INFO] len(cons): 145
2025-06-18 13:51:42,659 [INFO] len(cons_extracted): 144
2025-06-18 13:51:42,670 [INFO] len(prod_extracted): 144
2025-06-18 13:51:52,935 [ERROR] Solver failed - empty result
2025-06-18 13:51:53,028 [INFO] A4Runner finished
2025-06-18 13:56:07,058 [INFO] A4Runner start
2025-06-18 13:56:07,249 [INFO] len(prod): 145
2025-06-18 13:56:07,260 [INFO] len(cons): 145
2025-06-18 13:56:07,283 [INFO] len(cons_extracted): 144
2025-06-18 13:56:07,294 [INFO] len(prod_extracted): 144
2025-06-18 13:56:11,601 [INFO] datapoint prognosis was posted: {'id': 14599, 'time': '2025-06-18T10:56:07.095051Z', 'datapointId': 63}
2025-06-18 13:56:11,613 [INFO] A4Runner finished
2025-06-18 14:18:43,911 [INFO] A4Runner start
2025-06-18 14:18:44,109 [INFO] len(prod): 145
2025-06-18 14:18:44,123 [INFO] len(cons): 145
2025-06-18 14:18:44,146 [INFO] len(cons_extracted): 144
2025-06-18 14:18:44,161 [INFO] len(prod_extracted): 144
2025-06-18 14:18:48,899 [INFO] datapoint prognosis was posted: {'id': 14645, 'time': '2025-06-18T11:18:43.945325Z', 'datapointId': 63}
2025-06-18 14:18:48,913 [INFO] A4Runner finished
2025-06-19 11:47:09,077 [INFO] A4Runner start
2025-06-19 11:47:09,380 [INFO] len(prod): 145
2025-06-19 11:47:09,418 [INFO] len(cons): 145
2025-06-19 11:47:09,489 [INFO] len(cons_extracted): 144
2025-06-19 11:47:09,529 [INFO] len(prod_extracted): 144
2025-06-19 11:47:15,886 [INFO] datapoint prognosis was posted: {'id': 14970, 'time': '2025-06-19T08:47:09.12184Z', 'datapointId': 63}
2025-06-19 11:47:15,902 [INFO] A4Runner finished
2025-06-19 12:06:31,235 [INFO] A4Runner start
2025-06-19 12:06:31,492 [INFO] len(prod): 145
2025-06-19 12:06:31,525 [INFO] len(cons): 145
2025-06-19 12:06:31,629 [INFO] len(cons_extracted): 144
2025-06-19 12:06:31,652 [INFO] len(prod_extracted): 144
2025-06-19 12:06:47,690 [INFO] A4Runner start
2025-06-19 12:06:47,879 [INFO] len(prod): 145
2025-06-19 12:06:47,898 [INFO] len(cons): 145
2025-06-19 12:06:47,956 [INFO] len(cons_extracted): 144
2025-06-19 12:06:47,974 [INFO] len(prod_extracted): 144
2025-06-19 12:06:52,987 [INFO] datapoint prognosis was posted: {'id': 14996, 'time': '2025-06-19T09:06:47.717226Z', 'datapointId': 63}
2025-06-19 12:06:53,008 [INFO] A4Runner finished
2025-06-19 12:08:35,949 [INFO] A4Runner start
2025-06-19 12:08:36,147 [INFO] len(prod): 145
2025-06-19 12:08:36,161 [INFO] len(cons): 145
2025-06-19 12:08:36,204 [INFO] len(cons_extracted): 144
2025-06-19 12:08:36,226 [INFO] len(prod_extracted): 144
2025-06-19 12:08:40,161 [INFO] datapoint prognosis was posted: {'id': 14997, 'time': '2025-06-19T09:08:35.975816Z', 'datapointId': 63}
2025-06-19 12:08:40,187 [INFO] A4Runner finished
2025-06-19 12:09:08,997 [INFO] A4Runner start
2025-06-19 12:09:09,312 [INFO] len(prod): 145
2025-06-19 12:09:09,325 [INFO] len(cons): 145
2025-06-19 12:09:09,352 [INFO] len(cons_extracted): 144
2025-06-19 12:09:09,367 [INFO] len(prod_extracted): 144
2025-06-19 12:09:14,551 [INFO] datapoint prognosis was posted: {'id': 14998, 'time': '2025-06-19T09:09:09.023331Z', 'datapointId': 63}
2025-06-19 12:09:14,589 [INFO] A4Runner finished
2025-06-19 12:10:53,822 [INFO] A4Runner start
2025-06-19 12:10:53,973 [INFO] len(prod): 145
2025-06-19 12:10:53,985 [INFO] len(cons): 145
2025-06-19 12:10:54,006 [INFO] len(cons_extracted): 144
2025-06-19 12:10:54,019 [INFO] len(prod_extracted): 144
2025-06-19 12:10:59,141 [INFO] datapoint prognosis was posted: {'id': 14999, 'time': '2025-06-19T09:10:53.844253Z', 'datapointId': 63}
2025-06-19 12:10:59,157 [INFO] A4Runner finished
2025-06-19 12:15:32,286 [INFO] A4Runner start
2025-06-19 12:15:32,579 [INFO] len(prod): 145
2025-06-19 12:15:32,602 [INFO] len(cons): 145
2025-06-19 12:15:32,652 [INFO] len(cons_extracted): 144
2025-06-19 12:15:32,712 [INFO] len(prod_extracted): 144
2025-06-19 12:15:55,307 [ERROR] Solver failed - empty result
2025-06-19 12:15:55,335 [INFO] A4Runner finished
2025-06-19 12:20:37,789 [INFO] A4Runner start
2025-06-19 12:20:38,010 [INFO] len(prod): 145
2025-06-19 12:20:38,024 [INFO] len(cons): 145
2025-06-19 12:20:38,049 [INFO] len(cons_extracted): 144
2025-06-19 12:20:38,070 [INFO] len(prod_extracted): 144
2025-06-19 12:20:42,210 [INFO] datapoint prognosis was posted: {'id': 15023, 'time': '2025-06-19T09:20:37.817591Z', 'datapointId': 63}
2025-06-19 12:20:42,233 [INFO] A4Runner finished
2025-06-19 12:22:29,447 [INFO] A4Runner start
2025-06-19 12:22:29,613 [INFO] len(prod): 145
2025-06-19 12:22:29,625 [INFO] len(cons): 145
2025-06-19 12:22:29,655 [INFO] len(cons_extracted): 144
2025-06-19 12:22:29,674 [INFO] len(prod_extracted): 144
2025-06-19 12:22:36,717 [INFO] datapoint prognosis was posted: {'id': 15024, 'time': '2025-06-19T09:22:29.468658Z', 'datapointId': 63}
2025-06-19 12:22:36,736 [INFO] A4Runner finished
2025-06-19 13:05:44,465 [INFO] A4Runner start
2025-06-19 13:05:44,701 [INFO] len(prod): 145
2025-06-19 13:05:44,730 [INFO] len(cons): 145
2025-06-19 13:05:44,754 [INFO] len(cons_extracted): 44
2025-06-19 13:05:44,767 [INFO] len(prod_extracted): 44
2025-06-19 13:05:46,470 [INFO] datapoint prognosis was posted: {'id': 15092, 'time': '2025-06-19T10:05:44.493695Z', 'datapointId': 63}
2025-06-19 13:05:46,488 [INFO] A4Runner finished
2025-06-19 13:31:21,619 [INFO] A4Runner start
2025-06-19 13:31:21,869 [INFO] len(prod): 145
2025-06-19 13:31:21,895 [INFO] len(cons): 145
2025-06-19 13:31:21,934 [INFO] len(cons_extracted): 42
2025-06-19 13:31:21,956 [INFO] len(prod_extracted): 42
2025-06-19 13:31:25,880 [ERROR] Solver failed - empty result
2025-06-19 13:31:25,907 [INFO] A4Runner finished
2025-06-19 13:31:51,536 [INFO] A4Runner start
2025-06-19 13:31:51,754 [INFO] len(prod): 145
2025-06-19 13:31:51,775 [INFO] len(cons): 145
2025-06-19 13:31:51,797 [INFO] len(cons_extracted): 42
2025-06-19 13:31:51,811 [INFO] len(prod_extracted): 42
2025-06-19 13:31:54,877 [ERROR] Solver failed - empty result
2025-06-19 13:31:54,897 [INFO] A4Runner finished
2025-06-19 13:32:15,514 [INFO] A4Runner start
2025-06-19 13:32:15,739 [INFO] len(prod): 145
2025-06-19 13:32:15,753 [INFO] len(cons): 145
2025-06-19 13:32:15,790 [INFO] len(cons_extracted): 42
2025-06-19 13:32:15,806 [INFO] len(prod_extracted): 42
2025-06-19 13:32:17,036 [INFO] datapoint prognosis was posted: {'id': 15125, 'time': '2025-06-19T10:32:15.543937Z', 'datapointId': 63}
2025-06-19 13:32:17,050 [INFO] A4Runner finished
2025-06-19 13:33:06,828 [INFO] A4Runner start
2025-06-19 13:33:07,112 [INFO] len(prod): 145
2025-06-19 13:33:07,141 [INFO] len(cons): 145
2025-06-19 13:33:07,159 [INFO] len(cons_extracted): 42
2025-06-19 13:33:07,174 [INFO] len(prod_extracted): 42
2025-06-19 13:33:08,708 [INFO] datapoint prognosis was posted: {'id': 15126, 'time': '2025-06-19T10:33:06.869258Z', 'datapointId': 63}
2025-06-19 13:33:08,728 [INFO] A4Runner finished
2025-06-19 13:38:32,309 [INFO] A4Runner start
2025-06-19 13:38:32,517 [INFO] len(prod): 145
2025-06-19 13:38:32,532 [INFO] len(cons): 145
2025-06-19 13:38:32,560 [INFO] len(cons_extracted): 42
2025-06-19 13:38:32,574 [INFO] len(prod_extracted): 42
2025-06-19 13:38:34,066 [INFO] datapoint prognosis was posted: {'id': 15128, 'time': '2025-06-19T10:38:32.340146Z', 'datapointId': 63}
2025-06-19 13:38:34,081 [INFO] A4Runner finished
2025-06-19 13:43:11,366 [INFO] A4Runner start
2025-06-19 13:43:11,618 [INFO] len(prod): 145
2025-06-19 13:43:11,633 [INFO] len(cons): 145
2025-06-19 13:43:11,659 [INFO] len(cons_extracted): 42
2025-06-19 13:43:11,678 [INFO] len(prod_extracted): 42
2025-06-19 13:43:13,139 [INFO] datapoint prognosis was posted: {'id': 15129, 'time': '2025-06-19T10:43:11.415477Z', 'datapointId': 63}
2025-06-19 13:43:13,154 [INFO] A4Runner finished
2025-06-19 13:45:52,650 [INFO] A4Runner start
2025-06-19 13:45:52,915 [INFO] len(prod): 145
2025-06-19 13:45:52,943 [INFO] len(cons): 145
2025-06-19 13:45:52,981 [INFO] len(cons_extracted): 41
2025-06-19 13:45:53,005 [INFO] len(prod_extracted): 41
2025-06-19 13:45:54,143 [INFO] datapoint prognosis was posted: {'id': 15152, 'time': '2025-06-19T10:45:52.678738Z', 'datapointId': 63}
2025-06-19 13:45:54,163 [INFO] A4Runner finished
2025-06-19 13:48:08,827 [INFO] A4Runner start
2025-06-19 13:48:09,033 [INFO] len(prod): 145
2025-06-19 13:48:09,047 [INFO] len(cons): 145
2025-06-19 13:48:09,089 [INFO] len(cons_extracted): 41
2025-06-19 13:48:09,105 [INFO] len(prod_extracted): 41
2025-06-19 13:48:10,600 [INFO] datapoint prognosis was posted: {'id': 15153, 'time': '2025-06-19T10:48:08.851913Z', 'datapointId': 63}
2025-06-19 13:48:10,621 [INFO] A4Runner finished
2025-06-19 13:50:50,749 [INFO] A4Runner start
2025-06-19 13:50:50,982 [INFO] len(prod): 145
2025-06-19 13:50:50,997 [INFO] len(cons): 145
2025-06-19 13:50:51,045 [INFO] len(cons_extracted): 41
2025-06-19 13:50:51,061 [INFO] len(prod_extracted): 41
2025-06-19 13:50:52,529 [INFO] datapoint prognosis was posted: {'id': 15154, 'time': '2025-06-19T10:50:50.783994Z', 'datapointId': 63}
2025-06-19 13:50:52,556 [INFO] A4Runner finished
2025-06-19 13:51:52,180 [INFO] A4Runner start
2025-06-19 13:51:52,394 [INFO] len(prod): 145
2025-06-19 13:51:52,406 [INFO] len(cons): 145
2025-06-19 13:51:52,451 [INFO] len(cons_extracted): 41
2025-06-19 13:51:52,481 [INFO] len(prod_extracted): 41
2025-06-19 13:51:54,269 [INFO] datapoint prognosis was posted: {'id': 15155, 'time': '2025-06-19T10:51:52.20693Z', 'datapointId': 63}
2025-06-19 13:51:54,288 [INFO] A4Runner finished
2025-06-19 13:53:48,652 [INFO] A4Runner start
2025-06-19 13:53:48,945 [INFO] len(prod): 145
2025-06-19 13:53:48,959 [INFO] len(cons): 145
2025-06-19 13:53:49,006 [INFO] len(cons_extracted): 41
2025-06-19 13:53:49,044 [INFO] len(prod_extracted): 41
2025-06-19 13:53:51,081 [INFO] datapoint prognosis was posted: {'id': 15157, 'time': '2025-06-19T10:53:48.711651Z', 'datapointId': 63}
2025-06-19 13:53:51,100 [INFO] A4Runner finished
2025-06-19 13:58:26,550 [INFO] A4Runner start
2025-06-19 13:58:26,794 [INFO] len(prod): 145
2025-06-19 13:58:26,822 [INFO] len(cons): 145
2025-06-19 13:58:27,010 [INFO] len(cons_extracted): 41
2025-06-19 13:58:27,027 [INFO] len(prod_extracted): 41
2025-06-19 13:58:28,607 [INFO] datapoint prognosis was posted: {'id': 15158, 'time': '2025-06-19T10:58:26.579712Z', 'datapointId': 63}
2025-06-19 13:58:28,622 [INFO] A4Runner finished
2025-06-19 13:59:10,550 [INFO] A4Runner start
2025-06-19 13:59:10,801 [INFO] len(prod): 145
2025-06-19 13:59:10,822 [INFO] len(cons): 145
2025-06-19 13:59:10,882 [INFO] len(cons_extracted): 41
2025-06-19 13:59:10,898 [INFO] len(prod_extracted): 41
2025-06-19 13:59:12,566 [INFO] datapoint prognosis was posted: {'id': 15159, 'time': '2025-06-19T10:59:10.594418Z', 'datapointId': 63}
2025-06-19 13:59:12,590 [INFO] A4Runner finished
2025-06-19 13:59:35,093 [INFO] A4Runner start
2025-06-19 13:59:35,335 [INFO] len(prod): 145
2025-06-19 13:59:35,365 [INFO] len(cons): 145
2025-06-19 13:59:35,414 [INFO] len(cons_extracted): 41
2025-06-19 13:59:35,430 [INFO] len(prod_extracted): 41
2025-06-19 13:59:36,907 [INFO] datapoint prognosis was posted: {'id': 15160, 'time': '2025-06-19T10:59:35.130881Z', 'datapointId': 63}
2025-06-19 13:59:36,924 [INFO] A4Runner finished
2025-06-19 13:59:53,790 [INFO] A4Runner start
2025-06-19 13:59:54,005 [INFO] len(prod): 145
2025-06-19 13:59:54,029 [INFO] len(cons): 145
2025-06-19 13:59:54,070 [INFO] len(cons_extracted): 41
2025-06-19 13:59:54,087 [INFO] len(prod_extracted): 41
2025-06-19 13:59:55,677 [INFO] datapoint prognosis was posted: {'id': 15161, 'time': '2025-06-19T10:59:53.818377Z', 'datapointId': 63}
2025-06-19 13:59:55,697 [INFO] A4Runner finished
2025-06-19 14:00:28,607 [INFO] A4Runner start
2025-06-19 14:00:29,043 [INFO] len(prod): 145
2025-06-19 14:00:29,074 [INFO] len(cons): 122
2025-06-19 14:00:29,177 [INFO] len(cons_extracted): 40
2025-06-19 14:00:29,219 [INFO] len(prod_extracted): 40
2025-06-19 14:00:45,360 [ERROR] Solver failed - empty result
2025-06-19 14:00:45,443 [INFO] A4Runner finished
2025-06-19 14:00:58,739 [INFO] A4Runner start
2025-06-19 14:00:59,069 [INFO] len(prod): 145
2025-06-19 14:00:59,095 [INFO] len(cons): 145
2025-06-19 14:00:59,202 [INFO] len(cons_extracted): 40
2025-06-19 14:00:59,260 [INFO] len(prod_extracted): 40
2025-06-19 14:01:02,274 [INFO] datapoint prognosis was posted: {'id': 15181, 'time': '2025-06-19T11:00:58.801148Z', 'datapointId': 63}
2025-06-19 14:01:02,335 [INFO] A4Runner finished
2025-06-19 14:01:37,127 [INFO] A4Runner start
2025-06-19 14:01:37,470 [INFO] len(prod): 145
2025-06-19 14:01:37,487 [INFO] len(cons): 145
2025-06-19 14:01:37,546 [INFO] len(cons_extracted): 144
2025-06-19 14:01:37,566 [INFO] len(prod_extracted): 144
2025-06-19 14:01:44,226 [INFO] datapoint prognosis was posted: {'id': 15186, 'time': '2025-06-19T11:01:37.205403Z', 'datapointId': 63}
2025-06-19 14:01:44,242 [INFO] A4Runner finished
2025-06-19 14:04:27,518 [INFO] A4Runner start
2025-06-19 14:04:27,759 [INFO] len(prod): 145
2025-06-19 14:04:27,775 [INFO] len(cons): 145
2025-06-19 14:04:27,812 [INFO] len(cons_extracted): 144
2025-06-19 14:04:27,829 [INFO] len(prod_extracted): 144
2025-06-19 14:04:33,418 [INFO] datapoint prognosis was posted: {'id': 15187, 'time': '2025-06-19T11:04:27.565255Z', 'datapointId': 63}
2025-06-19 14:04:33,439 [INFO] A4Runner finished
2025-06-19 14:26:01,286 [INFO] A4Runner start
2025-06-19 14:26:01,477 [INFO] len(prod): 145
2025-06-19 14:26:01,494 [INFO] len(cons): 145
2025-06-19 14:26:01,528 [INFO] len(cons_extracted): 144
2025-06-19 14:26:01,546 [INFO] len(prod_extracted): 144
2025-06-19 14:26:08,063 [INFO] datapoint prognosis was posted: {'id': 15210, 'time': '2025-06-19T11:26:01.319241Z', 'datapointId': 63}
2025-06-19 14:26:08,080 [INFO] A4Runner finished
